Compiling the C compiler identification source file "CMakeCCompilerId.c" failed.
Compiler: /Library/Developer/CommandLineTools/usr/bin/cc 
Build flags: 
Id flags:  

The output was:
1
ld: library not found for -lSystem
clang: error: linker command failed with exit code 1 (use -v to see invocation)


Compiling the CXX compiler identification source file "CMakeCXXCompilerId.cpp" failed.
Compiler: /Library/Developer/CommandLineTools/usr/bin/c++ 
Build flags: 
Id flags:  

The output was:
1
ld: library not found for -lc++
clang: error: linker command failed with exit code 1 (use -v to see invocation)


Determining if the function sgemm_ exists failed with the following output:
Change Dir: /Users/bj/CLionProjects/eigenScHiC/cmake-build-debug/CMakeFiles/CMakeTmp

Run Build Command(s):/usr/bin/make cmTC_fae0a/fast && /Library/Developer/CommandLineTools/usr/bin/make  -f CMakeFiles/cmTC_fae0a.dir/build.make CMakeFiles/cmTC_fae0a.dir/build
Building C object CMakeFiles/cmTC_fae0a.dir/CheckFunctionExists.c.o
/Library/Developer/CommandLineTools/usr/bin/cc   -DCHECK_FUNCTION_EXISTS=sgemm_ -isysroot /Library/Developer/CommandLineTools/SDKs/MacOSX10.15.sdk   -o CMakeFiles/cmTC_fae0a.dir/CheckFunctionExists.c.o   -c /Applications/CLion.app/Contents/bin/cmake/mac/share/cmake-3.17/Modules/CheckFunctionExists.c
Linking C executable cmTC_fae0a
/Applications/CLion.app/Contents/bin/cmake/mac/bin/cmake -E cmake_link_script CMakeFiles/cmTC_fae0a.dir/link.txt --verbose=1
/Library/Developer/CommandLineTools/usr/bin/cc  -DCHECK_FUNCTION_EXISTS=sgemm_ -isysroot /Library/Developer/CommandLineTools/SDKs/MacOSX10.15.sdk -Wl,-search_paths_first -Wl,-headerpad_max_install_names   CMakeFiles/cmTC_fae0a.dir/CheckFunctionExists.c.o  -o cmTC_fae0a 
Undefined symbols for architecture x86_64:
  "_sgemm_", referenced from:
      _main in CheckFunctionExists.c.o
ld: symbol(s) not found for architecture x86_64
clang: error: linker command failed with exit code 1 (use -v to see invocation)
make[1]: *** [cmTC_fae0a] Error 1
make: *** [cmTC_fae0a/fast] Error 2



Determining if the function sgemm_ exists failed with the following output:
Change Dir: /home/hongxi/scHiCTest/cmake-build-debug/CMakeFiles/CMakeTmp

Run Build Command(s):/usr/bin/gmake cmTC_6974b/fast && /usr/bin/gmake  -f CMakeFiles/cmTC_6974b.dir/build.make CMakeFiles/cmTC_6974b.dir/build
gmake[1]: Entering directory `/home/hongxi/scHiCTest/cmake-build-debug/CMakeFiles/CMakeTmp'
Building C object CMakeFiles/cmTC_6974b.dir/CheckFunctionExists.c.o
/home/hongxi/anaconda3/bin/cc   -DCHECK_FUNCTION_EXISTS=sgemm_ -o CMakeFiles/cmTC_6974b.dir/CheckFunctionExists.c.o -c /opt/cmake/3.19.3/share/cmake-3.19/Modules/CheckFunctionExists.c
Linking C executable cmTC_6974b
/opt/cmake/3.19.3/bin/cmake -E cmake_link_script CMakeFiles/cmTC_6974b.dir/link.txt --verbose=1
/home/hongxi/anaconda3/bin/cc  -DCHECK_FUNCTION_EXISTS=sgemm_ CMakeFiles/cmTC_6974b.dir/CheckFunctionExists.c.o -o cmTC_6974b 
CMakeFiles/cmTC_6974b.dir/CheckFunctionExists.c.o: In function `main':
CheckFunctionExists.c:(.text+0x10): undefined reference to `sgemm_'
collect2: error: ld returned 1 exit status
gmake[1]: *** [cmTC_6974b] Error 1
gmake[1]: Leaving directory `/home/hongxi/scHiCTest/cmake-build-debug/CMakeFiles/CMakeTmp'
gmake: *** [cmTC_6974b/fast] Error 2



Performing C SOURCE FILE Test CMAKE_HAVE_LIBC_PTHREAD failed with the following output:
Change Dir: /home/hongxi/scHiCTest/cmake-build-debug/CMakeFiles/CMakeTmp

Run Build Command(s):/usr/bin/gmake cmTC_9b0bf/fast && /usr/bin/gmake  -f CMakeFiles/cmTC_9b0bf.dir/build.make CMakeFiles/cmTC_9b0bf.dir/build
gmake[1]: Entering directory `/home/hongxi/scHiCTest/cmake-build-debug/CMakeFiles/CMakeTmp'
Building C object CMakeFiles/cmTC_9b0bf.dir/src.c.o
/home/hongxi/anaconda3/bin/cc -DCMAKE_HAVE_LIBC_PTHREAD   -o CMakeFiles/cmTC_9b0bf.dir/src.c.o -c /home/hongxi/scHiCTest/cmake-build-debug/CMakeFiles/CMakeTmp/src.c
Linking C executable cmTC_9b0bf
/opt/cmake/3.19.3/bin/cmake -E cmake_link_script CMakeFiles/cmTC_9b0bf.dir/link.txt --verbose=1
/home/hongxi/anaconda3/bin/cc CMakeFiles/cmTC_9b0bf.dir/src.c.o -o cmTC_9b0bf 
CMakeFiles/cmTC_9b0bf.dir/src.c.o: In function `main':
src.c:(.text+0x2d): undefined reference to `pthread_create'
src.c:(.text+0x39): undefined reference to `pthread_detach'
src.c:(.text+0x45): undefined reference to `pthread_cancel'
src.c:(.text+0x56): undefined reference to `pthread_join'
src.c:(.text+0x6a): undefined reference to `pthread_atfork'
collect2: error: ld returned 1 exit status
gmake[1]: *** [cmTC_9b0bf] Error 1
gmake[1]: Leaving directory `/home/hongxi/scHiCTest/cmake-build-debug/CMakeFiles/CMakeTmp'
gmake: *** [cmTC_9b0bf/fast] Error 2


Source file was:
#include <pthread.h>

static void* test_func(void* data)
{
  return data;
}

int main(void)
{
  pthread_t thread;
  pthread_create(&thread, NULL, test_func, NULL);
  pthread_detach(thread);
  pthread_cancel(thread);
  pthread_join(thread, NULL);
  pthread_atfork(NULL, NULL, NULL);
  pthread_exit(NULL);

  return 0;
}

Determining if the function pthread_create exists in the pthreads failed with the following output:
Change Dir: /home/hongxi/scHiCTest/cmake-build-debug/CMakeFiles/CMakeTmp

Run Build Command(s):/usr/bin/gmake cmTC_d5342/fast && /usr/bin/gmake  -f CMakeFiles/cmTC_d5342.dir/build.make CMakeFiles/cmTC_d5342.dir/build
gmake[1]: Entering directory `/home/hongxi/scHiCTest/cmake-build-debug/CMakeFiles/CMakeTmp'
Building C object CMakeFiles/cmTC_d5342.dir/CheckFunctionExists.c.o
/home/hongxi/anaconda3/bin/cc   -DCHECK_FUNCTION_EXISTS=pthread_create -o CMakeFiles/cmTC_d5342.dir/CheckFunctionExists.c.o -c /opt/cmake/3.19.3/share/cmake-3.19/Modules/CheckFunctionExists.c
Linking C executable cmTC_d5342
/opt/cmake/3.19.3/bin/cmake -E cmake_link_script CMakeFiles/cmTC_d5342.dir/link.txt --verbose=1
/home/hongxi/anaconda3/bin/cc  -DCHECK_FUNCTION_EXISTS=pthread_create CMakeFiles/cmTC_d5342.dir/CheckFunctionExists.c.o -o cmTC_d5342  -lpthreads 
/usr/bin/ld: cannot find -lpthreads
collect2: error: ld returned 1 exit status
gmake[1]: *** [cmTC_d5342] Error 1
gmake[1]: Leaving directory `/home/hongxi/scHiCTest/cmake-build-debug/CMakeFiles/CMakeTmp'
gmake: *** [cmTC_d5342/fast] Error 2



Compiling the C compiler identification source file "CMakeCCompilerId.c" failed.
Compiler: /Library/Developer/CommandLineTools/usr/bin/cc 
Build flags: 
Id flags:  

The output was:
1
ld: library not found for -lSystem
clang: error: linker command failed with exit code 1 (use -v to see invocation)


Compiling the CXX compiler identification source file "CMakeCXXCompilerId.cpp" failed.
Compiler: /Library/Developer/CommandLineTools/usr/bin/c++ 
Build flags: 
Id flags:  

The output was:
1
ld: library not found for -lc++
clang: error: linker command failed with exit code 1 (use -v to see invocation)


Determining if the function sgemm_ exists failed with the following output:
Change Dir: /Users/bj/CLionProjects/eigenScHiC/cmake-build-debug/CMakeFiles/CMakeTmp

Run Build Command(s):/usr/bin/make cmTC_3e499/fast && /Library/Developer/CommandLineTools/usr/bin/make  -f CMakeFiles/cmTC_3e499.dir/build.make CMakeFiles/cmTC_3e499.dir/build
Building C object CMakeFiles/cmTC_3e499.dir/CheckFunctionExists.c.o
/Library/Developer/CommandLineTools/usr/bin/cc   -DCHECK_FUNCTION_EXISTS=sgemm_ -isysroot /Library/Developer/CommandLineTools/SDKs/MacOSX10.15.sdk -o CMakeFiles/cmTC_3e499.dir/CheckFunctionExists.c.o -c /usr/local/Cellar/cmake/3.19.3/share/cmake/Modules/CheckFunctionExists.c
Linking C executable cmTC_3e499
/usr/local/Cellar/cmake/3.19.3/bin/cmake -E cmake_link_script CMakeFiles/cmTC_3e499.dir/link.txt --verbose=1
/Library/Developer/CommandLineTools/usr/bin/cc  -DCHECK_FUNCTION_EXISTS=sgemm_ -isysroot /Library/Developer/CommandLineTools/SDKs/MacOSX10.15.sdk -Wl,-search_paths_first -Wl,-headerpad_max_install_names CMakeFiles/cmTC_3e499.dir/CheckFunctionExists.c.o -o cmTC_3e499 
Undefined symbols for architecture x86_64:
  "_sgemm_", referenced from:
      _main in CheckFunctionExists.c.o
ld: symbol(s) not found for architecture x86_64
clang: error: linker command failed with exit code 1 (use -v to see invocation)
make[1]: *** [cmTC_3e499] Error 1
make: *** [cmTC_3e499/fast] Error 2



Compiling the C compiler identification source file "CMakeCCompilerId.c" failed.
Compiler: /Library/Developer/CommandLineTools/usr/bin/cc 
Build flags: 
Id flags:  

The output was:
1
ld: library not found for -lSystem
clang: error: linker command failed with exit code 1 (use -v to see invocation)


Compiling the CXX compiler identification source file "CMakeCXXCompilerId.cpp" failed.
Compiler: /Library/Developer/CommandLineTools/usr/bin/c++ 
Build flags: 
Id flags:  

The output was:
1
ld: library not found for -lc++
clang: error: linker command failed with exit code 1 (use -v to see invocation)


Determining if the function sgemm_ exists failed with the following output:
Change Dir: /Users/bj/CLionProjects/eigenScHiC/cmake-build-debug/CMakeFiles/CMakeTmp

Run Build Command(s):/usr/bin/make cmTC_ecb53/fast && /Library/Developer/CommandLineTools/usr/bin/make  -f CMakeFiles/cmTC_ecb53.dir/build.make CMakeFiles/cmTC_ecb53.dir/build
Building C object CMakeFiles/cmTC_ecb53.dir/CheckFunctionExists.c.o
/Library/Developer/CommandLineTools/usr/bin/cc   -DCHECK_FUNCTION_EXISTS=sgemm_ -isysroot /Library/Developer/CommandLineTools/SDKs/MacOSX10.15.sdk   -o CMakeFiles/cmTC_ecb53.dir/CheckFunctionExists.c.o   -c /Applications/CLion.app/Contents/bin/cmake/mac/share/cmake-3.17/Modules/CheckFunctionExists.c
Linking C executable cmTC_ecb53
/Applications/CLion.app/Contents/bin/cmake/mac/bin/cmake -E cmake_link_script CMakeFiles/cmTC_ecb53.dir/link.txt --verbose=1
/Library/Developer/CommandLineTools/usr/bin/cc  -DCHECK_FUNCTION_EXISTS=sgemm_ -isysroot /Library/Developer/CommandLineTools/SDKs/MacOSX10.15.sdk -Wl,-search_paths_first -Wl,-headerpad_max_install_names   CMakeFiles/cmTC_ecb53.dir/CheckFunctionExists.c.o  -o cmTC_ecb53 
Undefined symbols for architecture x86_64:
  "_sgemm_", referenced from:
      _main in CheckFunctionExists.c.o
ld: symbol(s) not found for architecture x86_64
clang: error: linker command failed with exit code 1 (use -v to see invocation)
make[1]: *** [cmTC_ecb53] Error 1
make: *** [cmTC_ecb53/fast] Error 2



